<?xml version="1.0" encoding="UTF-8"?>
<testsuite name="SimpleSearchEngineTest" tests="1" skipped="0" failures="0" errors="0" timestamp="2022-06-13T05:04:14" hostname="OT" time="0.101">
  <properties/>
  <testcase name="start" classname="SimpleSearchEngineTest" time="0.101"/>
  <system-out><![CDATA[?[1;31m
Start test 1?[0m
> 1
> John

> 1

> this text will definitely be no match
No match.

?[1;31m
Start test 2?[0m
> 3
> john smith smith@gmail.com
> John lock john_lock@somecompany.com
> help me iamaprogrammer@gmail.com

> 4

> john

Found:
john smith smith@gmail.com
John lock john_lock@somecompany.com

> Somecompany

Found:
John lock john_lock@somecompany.com

> @

Found:
john smith smith@gmail.com
John lock john_lock@somecompany.com
help me iamaprogrammer@gmail.com

> this text will definitely be no match
No match.

]]></system-out>
  <system-err><![CDATA[]]></system-err>
</testsuite>
